<component name="libraryTable">
  <library name="junit">
    <CLASSES>
      <root url="file://$PROJECT_DIR$/../JavaEE/library/junit" />
    </CLASSES>
    <JAVADOC />
    <SOURCES />
    <jarDirectory url="file://$PROJECT_DIR$/../JavaEE/library/junit" recursive="false" />
  </library>
</component>